<?xml version="1.0" encoding="UTF-8"?>
<testsuite name="ldts.GameTest" tests="10" skipped="0" failures="0" errors="0" timestamp="2022-01-30T00:54:23" hostname="LAPTOP-TG6UCA0T" time="0.038">
  <properties/>
  <testcase name="nextTick" classname="ldts.GameTest" time="0.002"/>
  <testcase name="isPieceNull" classname="ldts.GameTest" time="0.002"/>
  <testcase name="pressedLeft" classname="ldts.GameTest" time="0.002"/>
  <testcase name="pressedRight" classname="ldts.GameTest" time="0.002"/>
  <testcase name="pressedUp" classname="ldts.GameTest" time="0.009"/>
  <testcase name="pressedDown" classname="ldts.GameTest" time="0.001"/>
  <testcase name="hasHitBottom Test" classname="ldts.GameTest" time="0.008"/>
  <testcase name="Initial Score Test" classname="ldts.GameTest" time="0.006"/>
  <testcase name="Initial Game Over Test" classname="ldts.GameTest" time="0.001"/>
  <testcase name="Next Piece Test" classname="ldts.GameTest" time="0.002"/>
  <system-out><![CDATA[element added
element added
Chegou ao Fundo
ColisÃ£o com peÃ§a
element added
element added
element added
element added
element added
Chegou ao Fundo
ColisÃ£o com peÃ§a
ColisÃ£o com peÃ§a
ColisÃ£o com peÃ§a
ColisÃ£o com peÃ§a
ColisÃ£o com peÃ§a
ColisÃ£o com peÃ§a
0
element added
element added
element added
Chegou ao Fundo
ColisÃ£o com peÃ§a
ColisÃ£o com peÃ§a
ColisÃ£o com peÃ§a
ColisÃ£o com peÃ§a
ColisÃ£o com peÃ§a
ColisÃ£o com peÃ§a
]]></system-out>
  <system-err><![CDATA[]]></system-err>
</testsuite>
