<?xml version="1.0" encoding="UTF-8"?>
<testsuite name="ldts.ScoreViewTest" tests="1" skipped="0" failures="0" errors="0" timestamp="2022-01-30T00:54:23" hostname="LAPTOP-TG6UCA0T" time="0.062">
  <properties/>
  <testcase name="ScoreView Test" classname="ldts.ScoreViewTest" time="0.062"/>
  <system-out><![CDATA[]]></system-out>
  <system-err><![CDATA[]]></system-err>
</testsuite>
