<?xml version="1.0" encoding="UTF-8"?>
<testsuite name="ldts.BoardViewTest" tests="1" skipped="0" failures="0" errors="0" timestamp="2022-01-30T00:54:23" hostname="LAPTOP-TG6UCA0T" time="0.431">
  <properties/>
  <testcase name="BoardView Test" classname="ldts.BoardViewTest" time="0.431"/>
  <system-out><![CDATA[element added
]]></system-out>
  <system-err><![CDATA[]]></system-err>
</testsuite>
