<?xml version="1.0" encoding="UTF-8"?>
<testsuite name="ldts.BoardTest" tests="8" skipped="0" failures="0" errors="0" timestamp="2022-01-30T00:54:22" hostname="LAPTOP-TG6UCA0T" time="0.697">
  <properties/>
  <testcase name="Add piece Test" classname="ldts.BoardTest" time="0.234"/>
  <testcase name="Can Move Test" classname="ldts.BoardTest" time="0.032"/>
  <testcase name="Has Hit Bottom Test" classname="ldts.BoardTest" time="0.007"/>
  <testcase name="Can Rotate Test" classname="ldts.BoardTest" time="0.003"/>
  <testcase name="Can Rotate Test 2" classname="ldts.BoardTest" time="0.001"/>
  <testcase name="Check Line Completition" classname="ldts.BoardTest" time="0.07"/>
  <testcase name="Check Line Completition with RemoveLine Mock" classname="ldts.BoardTest" time="0.349"/>
  <testcase name="Game Over Test" classname="ldts.BoardTest" time="0.001"/>
  <system-out><![CDATA[element added
element added
Can't move there
element added
ColisÃ£o com peÃ§a
Chegou ao Fundo
element added
Can't rotate there
element added
element added
element added
element added
]]></system-out>
  <system-err><![CDATA[]]></system-err>
</testsuite>
