<?xml version="1.0" encoding="UTF-8"?>
<testsuite name="ldts.PieceMovementTest" tests="3" skipped="0" failures="0" errors="0" timestamp="2022-01-30T00:54:23" hostname="LAPTOP-TG6UCA0T" time="0.004">
  <properties/>
  <testcase name="model.Piece Move Left" classname="ldts.PieceMovementTest" time="0.001"/>
  <testcase name="model.Piece Move Right" classname="ldts.PieceMovementTest" time="0.001"/>
  <testcase name="model.Piece Move Down" classname="ldts.PieceMovementTest" time="0.001"/>
  <system-out><![CDATA[]]></system-out>
  <system-err><![CDATA[]]></system-err>
</testsuite>
