<?xml version="1.0" encoding="UTF-8"?>
<testsuite name="ldts.PieceRotationTest" tests="6" skipped="0" failures="0" errors="0" timestamp="2022-01-30T00:54:23" hostname="LAPTOP-TG6UCA0T" time="0.015">
  <properties/>
  <testcase name="model.pieces.JPiece Rotation" classname="ldts.PieceRotationTest" time="0.007"/>
  <testcase name="model.pieces.LinePiece Rotation" classname="ldts.PieceRotationTest" time="0.001"/>
  <testcase name="model.pieces.LPiece Rotation" classname="ldts.PieceRotationTest" time="0.0"/>
  <testcase name="model.pieces.SPiece Rotation" classname="ldts.PieceRotationTest" time="0.003"/>
  <testcase name="model.pieces.TPiece Rotation" classname="ldts.PieceRotationTest" time="0.002"/>
  <testcase name="model.pieces.ZPiece Rotation" classname="ldts.PieceRotationTest" time="0.001"/>
  <system-out><![CDATA[]]></system-out>
  <system-err><![CDATA[]]></system-err>
</testsuite>
