<?xml version="1.0" encoding="UTF-8"?>
<testsuite name="ldts.OrdersTest" tests="1" skipped="0" failures="0" errors="0" timestamp="2022-01-30T00:54:23" hostname="LAPTOP-TG6UCA0T" time="0.008">
  <properties/>
  <testcase name="High and Low Difficulty Orders Test" classname="ldts.OrdersTest" time="0.008"/>
  <system-out><![CDATA[element added
element added
]]></system-out>
  <system-err><![CDATA[]]></system-err>
</testsuite>
